d:\download data\연습용\0304 - simplesample\simplesample\debug\simplesample.pch
d:\download data\연습용\0304 - simplesample\simplesample\debug\vc120.pdb
d:\download data\연습용\0304 - simplesample\simplesample\debug\vc120.idb
d:\download data\연습용\0304 - simplesample\simplesample\debug\dxut.obj
d:\download data\연습용\0304 - simplesample\simplesample\debug\cobjectmgr.obj
d:\download data\연습용\0304 - simplesample\simplesample\debug\cobjbase.obj
d:\download data\연습용\0304 - simplesample\simplesample\debug\cnormalgun.obj
d:\download data\연습용\0304 - simplesample\simplesample\debug\cnode.obj
d:\download data\연습용\0304 - simplesample\simplesample\debug\cmoveableobj.obj
d:\download data\연습용\0304 - simplesample\simplesample\debug\cmonster.obj
d:\download data\연습용\0304 - simplesample\simplesample\debug\cmap.obj
d:\download data\연습용\0304 - simplesample\simplesample\debug\cmaingame.obj
d:\download data\연습용\0304 - simplesample\simplesample\debug\cgun.obj
d:\download data\연습용\0304 - simplesample\simplesample\debug\cgeomnode.obj
d:\download data\연습용\0304 - simplesample\simplesample\debug\cfastgun.obj
d:\download data\연습용\0304 - simplesample\simplesample\debug\ceffect.obj
d:\download data\연습용\0304 - simplesample\simplesample\debug\ccustomshader.obj
d:\download data\연습용\0304 - simplesample\simplesample\debug\ccreateshadow.obj
d:\download data\연습용\0304 - simplesample\simplesample\debug\ccamera.obj
d:\download data\연습용\0304 - simplesample\simplesample\debug\cbullet.obj
d:\download data\연습용\0304 - simplesample\simplesample\debug\cbaseshader.obj
d:\download data\연습용\0304 - simplesample\simplesample\debug\caseloader.obj
d:\download data\연습용\0304 - simplesample\simplesample\debug\casefile.obj
d:\download data\연습용\0304 - simplesample\simplesample\debug\capplyshadow.obj
d:\download data\연습용\0304 - simplesample\simplesample\debug\simplesample.obj
d:\download data\연습용\0304 - simplesample\simplesample\debug\sdkmisc.obj
d:\download data\연습용\0304 - simplesample\simplesample\debug\sdkmesh.obj
d:\download data\연습용\0304 - simplesample\simplesample\debug\dxutsettingsdlg.obj
d:\download data\연습용\0304 - simplesample\simplesample\debug\dxutres.obj
d:\download data\연습용\0304 - simplesample\simplesample\debug\dxutgui.obj
d:\download data\연습용\0304 - simplesample\simplesample\debug\dxutcamera.obj
d:\download data\연습용\0304 - simplesample\simplesample\debug\dxutmisc.obj
d:\download data\연습용\0304 - simplesample\simplesample\debug\dxutenum.obj
d:\download data\연습용\0304 - simplesample\simplesample\debug\ctypeinfo.obj
d:\download data\연습용\0304 - simplesample\simplesample\debug\ctimer.obj
d:\download data\연습용\0304 - simplesample\simplesample\debug\cthreewaygun.obj
d:\download data\연습용\0304 - simplesample\simplesample\debug\ctexturefile.obj
d:\download data\연습용\0304 - simplesample\simplesample\debug\csystemmgr.obj
d:\download data\연습용\0304 - simplesample\simplesample\debug\cscenemgr.obj
d:\download data\연습용\0304 - simplesample\simplesample\debug\cresourcemgr.obj
d:\download data\연습용\0304 - simplesample\simplesample\debug\cresourcefile.obj
d:\download data\연습용\0304 - simplesample\simplesample\debug\cplayer.obj
d:\download data\연습용\0304 - simplesample\simplesample\debug\simplesample.res
d:\download data\연습용\0304 - simplesample\simplesample\debug\simplesample.ilk
d:\download data\연습용\0304 - simplesample\simplesample\debug\simplesample.exe
d:\download data\연습용\0304 - simplesample\simplesample\debug\simplesample.pdb
d:\download data\연습용\0304 - simplesample\simplesample\debug\simplesample.tlog\cl.read.1.tlog
d:\download data\연습용\0304 - simplesample\simplesample\debug\simplesample.tlog\cl.write.1.tlog
d:\download data\연습용\0304 - simplesample\simplesample\debug\simplesample.tlog\cl.command.1.tlog
d:\download data\연습용\0304 - simplesample\simplesample\debug\simplesample.tlog\rc.read.1.tlog
d:\download data\연습용\0304 - simplesample\simplesample\debug\simplesample.tlog\rc.write.1.tlog
d:\download data\연습용\0304 - simplesample\simplesample\debug\simplesample.tlog\rc.command.1.tlog
d:\download data\연습용\0304 - simplesample\simplesample\debug\simplesample.tlog\link.command.1.tlog
d:\download data\연습용\0304 - simplesample\simplesample\debug\simplesample.tlog\link.read.1.tlog
d:\download data\연습용\0304 - simplesample\simplesample\debug\simplesample.tlog\link.write.1.tlog
